<?xml version="1.0" encoding="UTF-8"?>
<!-- Generated by org.testng.reporters.JUnitXMLReporter -->
<testsuite ignored="0" hostname="TYSS-Chaithra" failures="0" tests="1" name="Test-Runner-firefox" time="25.933" errors="0" timestamp="2023-06-02T19:53:00 IST">
  <testcase classname="vtiger.OrganizationsTests.CreateOrgWithIndustryTest" name="createOrgWithIndTest" time="10.534"/>
</testsuite> <!-- Test-Runner-firefox -->
