<?xml version="1.0" encoding="UTF-8"?>
<!-- Generated by org.testng.reporters.JUnitXMLReporter -->
<testsuite ignored="0" hostname="TYSS-Chaithra" failures="0" tests="2" name="Test-Runner-1" time="91.677" errors="0" timestamp="2023-06-02T19:22:29 IST">
  <testcase classname="vtiger.ContactsTests.CreateContactWithOrganizationTest" name="createContactWithOrgTest" time="47.981"/>
  <testcase classname="vtiger.ContactsTests.CreateContactWithOrganizationTest" name="demo" time="0.002"/>
</testsuite> <!-- Test-Runner-1 -->
