<?xml version="1.0" encoding="UTF-8"?>
<!-- Generated by org.testng.reporters.JUnitReportReporter -->
<testsuite hostname="LAPTOP-GFT8MLJQ" failures="0" tests="2" name="vtiger.ContactsTests.CreateContactWithOrganizationTest" time="43.336" errors="0" timestamp="2023-06-22T11:21:31 IST" skipped="0">
  <testcase classname="vtiger.ContactsTests.CreateContactWithOrganizationTest" name="createContactWithOrgTest" time="32.389"/>
  <system-out/>
  <testcase classname="vtiger.ContactsTests.CreateContactWithOrganizationTest" name="demo" time="10.947"/>
  <system-out/>
</testsuite> <!-- vtiger.ContactsTests.CreateContactWithOrganizationTest -->
