<?xml version="1.0" encoding="UTF-8"?>
<!-- Generated by org.testng.reporters.JUnitReportReporter -->
<testsuite hostname="TYSS-Chaithra" failures="0" tests="1" name="vtiger.Practice.DebuggingPractice" time="0.006" errors="0" timestamp="2023-05-27T11:30:54 IST" skipped="0">
  <testcase classname="vtiger.Practice.DebuggingPractice" name="test" time="0.006"/>
  <system-out/>
</testsuite> <!-- vtiger.Practice.DebuggingPractice -->
