<?xml version="1.0" encoding="UTF-8"?>
<!-- Generated by org.testng.reporters.JUnitReportReporter -->
<testsuite hostname="TYSS-Chaithra" failures="0" tests="4" name="vtiger.Practice.DataProviderPractice" time="0.010" errors="0" timestamp="2023-05-29T19:54:26 IST" skipped="0">
  <testcase classname="vtiger.Practice.DataProviderPractice" name="sampleDataTest" time="0.002"/>
  <system-out/>
  <testcase classname="vtiger.Practice.DataProviderPractice" name="sampleDataTest" time="0.001"/>
  <system-out/>
  <testcase classname="vtiger.Practice.DataProviderPractice" name="sampleDataTest" time="0.006"/>
  <system-out/>
  <testcase classname="vtiger.Practice.DataProviderPractice" name="sampleDataTest" time="0.001"/>
  <system-out/>
</testsuite> <!-- vtiger.Practice.DataProviderPractice -->
